<?xml version="1.0" encoding="UTF-8"?>
<!-- Generated by org.testng.reporters.JUnitReportReporter -->
<testsuite skipped="0" hostname="LAPTOP-MRESAA2R" name="Reports.ExtentreportTestNG" tests="1" failures="0" timestamp="15 Jul 2019 11:17:50 GMT" time="12.553" errors="0">
  <testcase name="test" time="12.553" classname="Reports.ExtentreportTestNG"/>
</testsuite> <!-- Reports.ExtentreportTestNG -->
