<?xml version="1.0" encoding="UTF-8"?>
<!-- Generated by org.testng.reporters.JUnitReportReporter -->
<testsuite skipped="0" hostname="LAPTOP-MRESAA2R" name="com.qa.emicalculator.EMI_Calculator" tests="1" failures="0" timestamp="16 Jul 2019 12:22:24 GMT" time="19.130" errors="0">
  <testcase name="emicalc" time="19.130" classname="com.qa.emicalculator.EMI_Calculator"/>
</testsuite> <!-- com.qa.emicalculator.EMI_Calculator -->
