<?xml version="1.0" encoding="UTF-8"?>
<!-- Generated by org.testng.reporters.JUnitReportReporter -->
<testsuite skipped="0" hostname="LAPTOP-MRESAA2R" name="com.gmail.qa.testcases.log" tests="1" failures="0" timestamp="02 Jul 2019 17:54:51 GMT" time="0.184" errors="0">
  <testcase name="titletest" time="0.184" classname="com.gmail.qa.testcases.log"/>
</testsuite> <!-- com.gmail.qa.testcases.log -->
