<?xml version="1.0" encoding="UTF-8"?>
<!-- Generated by org.testng.reporters.JUnitReportReporter -->
<testsuite skipped="0" hostname="LAPTOP-MRESAA2R" name="com.gmail.qa.testcases.homepagetest" tests="1" failures="0" timestamp="04 Jul 2019 11:16:40 GMT" time="27.859" errors="0">
  <testcase name="homepagetitlecheck" time="27.859" classname="com.gmail.qa.testcases.homepagetest"/>
</testsuite> <!-- com.gmail.qa.testcases.homepagetest -->
