<?xml version="1.0" encoding="UTF-8"?>
<!-- Generated by org.testng.reporters.JUnitReportReporter -->
<testsuite skipped="0" hostname="LAPTOP-MRESAA2R" name="com.gmail.qa.testcases.logintest" tests="2" failures="0" timestamp="10 Jul 2019 16:10:18 GMT" time="96.441" errors="0">
  <testcase name="titletest" time="61.007" classname="com.gmail.qa.testcases.logintest"/>
  <testcase name="logintest1" time="35.434" classname="com.gmail.qa.testcases.logintest"/>
</testsuite> <!-- com.gmail.qa.testcases.logintest -->
